#
# There is insufficient memory for the Java Runtime Environment to continue.
# Native memory allocation (malloc) failed to allocate 79440 bytes for Chunk::new
# Possible reasons:
#   The system is out of physical RAM or swap space
#   In 32 bit mode, the process size limit was hit
# Possible solutions:
#   Reduce memory load on the system
#   Increase physical memory or swap space
#   Check if swap backing store is full
#   Use 64 bit Java on a 64 bit OS
#   Decrease Java heap size (-Xmx/-Xms)
#   Decrease number of Java threads
#   Decrease Java thread stack sizes (-Xss)
#   Set larger code cache with -XX:ReservedCodeCacheSize=
# This output file may be truncated or incomplete.
#
#  Out of Memory Error (allocation.cpp:317), pid=1848, tid=5008
#
# JRE version: 6.0_33-b05
# Java VM: Java HotSpot(TM) 64-Bit Server VM (20.8-b03 mixed mode windows-amd64 compressed oops)

---------------  T H R E A D  ---------------

Current thread (0x0000000006194800):  JavaThread "C2 CompilerThread1" daemon [_thread_in_native, id=5008, stack(0x0000000006650000,0x0000000006750000)]

Stack: [0x0000000006650000,0x0000000006750000]

Current CompileTask:
C2:    283  25      java.util.jar.JarFile.hasClassPathAttribute()Z (197 bytes)


---------------  P R O C E S S  ---------------

Java Threads: ( => current thread )
  0x0000000006197800 JavaThread "Low Memory Detector" daemon [_thread_blocked, id=5156, stack(0x0000000006750000,0x0000000006850000)]
=>0x0000000006194800 JavaThread "C2 CompilerThread1" daemon [_thread_in_native, id=5008, stack(0x0000000006650000,0x0000000006750000)]
  0x0000000000529000 JavaThread "C2 CompilerThread0" daemon [_thread_blocked, id=5160, stack(0x0000000006550000,0x0000000006650000)]
  0x0000000000527800 JavaThread "Attach Listener" daemon [_thread_blocked, id=4760, stack(0x0000000006450000,0x0000000006550000)]
  0x0000000006190800 JavaThread "Signal Dispatcher" daemon [_thread_blocked, id=3540, stack(0x0000000006350000,0x0000000006450000)]
  0x0000000000512000 JavaThread "Finalizer" daemon [_thread_blocked, id=1344, stack(0x0000000006050000,0x0000000006150000)]
  0x0000000000508800 JavaThread "Reference Handler" daemon [_thread_blocked, id=5900, stack(0x0000000005f50000,0x0000000006050000)]
  0x00000000005ac000 JavaThread "main" [_thread_blocked, id=4916, stack(0x00000000023d0000,0x00000000024d0000)]

Other Threads:
  0x0000000000500000 VMThread [stack: 0x0000000005e50000,0x0000000005f50000] [id=1080]
  0x00000000061b3000 WatcherThread [stack: 0x0000000006850000,0x0000000006950000] [id=1860]

VM state:not at safepoint (normal execution)

VM Mutex/Monitor currently owned by a thread: None

Heap
 PSYoungGen      total 19072K, used 6396K [0x00000000eab60000, 0x00000000ec0a0000, 0x0000000100000000)
  eden space 16384K, 39% used [0x00000000eab60000,0x00000000eb19f350,0x00000000ebb60000)
  from space 2688K, 0% used [0x00000000ebe00000,0x00000000ebe00000,0x00000000ec0a0000)
  to   space 2688K, 0% used [0x00000000ebb60000,0x00000000ebb60000,0x00000000ebe00000)
 PSOldGen        total 43648K, used 0K [0x00000000c0200000, 0x00000000c2ca0000, 0x00000000eab60000)
  object space 43648K, 0% used [0x00000000c0200000,0x00000000c0200000,0x00000000c2ca0000)
 PSPermGen       total 21248K, used 3206K [0x00000000bb000000, 0x00000000bc4c0000, 0x00000000c0200000)
  object space 21248K, 15% used [0x00000000bb000000,0x00000000bb321850,0x00000000bc4c0000)

Code Cache  [0x00000000024d0000, 0x0000000002740000, 0x00000000054d0000)
 total_blobs=204 nmethods=25 adapters=133 free_code_cache=49879744 largest_free_block=8832

Dynamic libraries:
0x0000000000400000 - 0x000000000042f000 	C:\Program Files\Java\jdk1.6.0_33\jre\bin\java.exe
0x0000000077270000 - 0x0000000077419000 	C:\Windows\SYSTEM32\ntdll.dll
0x0000000077050000 - 0x000000007716f000 	C:\Windows\system32\kernel32.dll
0x000007fefd270000 - 0x000007fefd2db000 	C:\Windows\system32\KERNELBASE.dll
0x000007fefdf10000 - 0x000007fefdfeb000 	C:\Windows\system32\ADVAPI32.dll
0x000007feff4e0000 - 0x000007feff57f000 	C:\Windows\system32\msvcrt.dll
0x000007fefd6b0000 - 0x000007fefd6cf000 	C:\Windows\SYSTEM32\sechost.dll
0x000007fefdb90000 - 0x000007fefdcbd000 	C:\Windows\system32\RPCRT4.dll
0x000000006d8b0000 - 0x000000006e068000 	C:\Program Files\Java\jdk1.6.0_33\jre\bin\server\jvm.dll
0x0000000077170000 - 0x000000007726a000 	C:\Windows\system32\USER32.dll
0x000007fefde40000 - 0x000007fefdea7000 	C:\Windows\system32\GDI32.dll
0x000007feff3a0000 - 0x000007feff3ae000 	C:\Windows\system32\LPK.dll
0x000007fefe1b0000 - 0x000007fefe279000 	C:\Windows\system32\USP10.dll
0x000007fef84c0000 - 0x000007fef84fb000 	C:\Windows\system32\WINMM.dll
0x000007fefe180000 - 0x000007fefe1ae000 	C:\Windows\system32\IMM32.DLL
0x000007fefe070000 - 0x000007fefe179000 	C:\Windows\system32\MSCTF.dll
0x000000006d820000 - 0x000000006d82e000 	C:\Program Files\Java\jdk1.6.0_33\jre\bin\verify.dll
0x000000006d450000 - 0x000000006d477000 	C:\Program Files\Java\jdk1.6.0_33\jre\bin\java.dll
0x000000006d870000 - 0x000000006d882000 	C:\Program Files\Java\jdk1.6.0_33\jre\bin\zip.dll
0x0000000077430000 - 0x0000000077437000 	C:\Windows\system32\PSAPI.DLL

VM Arguments:
java_command: C:\Users\Dao\git\projects-x\opencms-builder\target\surefire\surefirebooter8740390063607495156.jar C:\Users\Dao\git\projects-x\opencms-builder\target\surefire\surefire7624697728568837294tmp C:\Users\Dao\git\projects-x\opencms-builder\target\surefire\surefire549539872083210649tmp
Launcher Type: SUN_STANDARD

Environment Variables:
JAVA_HOME=C:\Program Files\Java\jdk1.7.0_21
JRE_HOME=C:\Program Files\Java\jdk1.7.0_21\jre
PATH=C:\Program Files\Java\jdk1.7.0_21\bin;C:\Users\Dao\bin\Sencha\Cmd\4.0.2.67;C:\Program Files (x86)\SenchaSDKTools-2.0.0-beta3;D:\Tools\sencha cmd\Sencha\Cmd\3.0.0.250;C:\Windows\system32;C:\Windows;C:\Windows\System32\Wbem;C:\Windows\System32\WindowsPowerShell\v1.0\;D:\Tools\apache-ant-1.8.4\bin;C:\Program Files (x86)\Microsoft SQL Server\90\Tools\binn\;C:\Program Files\Google\Google Apps Sync\;D:\Tools\ec2-ami-tools-1.4.0.7\bin;C:\Program Files\Intel\WiFi\bin\;C:\Program Files\Common Files\Intel\WirelessCommon\;C:\Program Files (x86)\Git\cmd;C:\Program Files\Java\jdk1.7.0_21\bin;D:\android-ndk-r9;C:\Program Files (x86)\QuickTime\QTSystem\;C:\Program Files (x86)\Resource Hacker;C:\Program Files (x86)\Inno Setup 5;C:\apache-maven-3.0.5\bin;C:\Program Files (x86)\Microsoft SQL Server\110\Tools\Binn\ManagementStudio\;C:\Program Files (x86)\Microsoft SQL Server\110\Tools\Binn\;C:\Program Files (x86)\Microsoft SQL Server\110\DTS\Binn\;D:\Sencha\ffmpeg-20140115-git-785dc14-win64-static\bin;C:\Program Files (x86)\MySQL\MySQL Utilities 1.3.6\;C:\Program Files (x86)\nodejs\;C:\Python27;C:\Python27\Scripts;D:\GIT\slider.js-master\tool;C:\Ruby193\bin;C:\Program Files\Microsoft\Web Platform Installer\;C:\gradle-1.12\bin;D:\Android\Studio\sdk\tools;D:\Android\Studio\sdk\platform-tools;C:\Program Files (x86)\Lua\5.1;C:\Program Files (x86)\Lua\5.1\clibs;D:\corona\nc111nt;C:\cygwin\bin;C:\Program Files\Intel\WiFi\bin\;C:\Program Files\Common Files\Intel\WirelessCommon\;C:\Users\Dao\AppData\Roaming\npm
USERNAME=Dao
OS=Windows_NT
PROCESSOR_IDENTIFIER=Intel64 Family 6 Model 15 Stepping 11, GenuineIntel



---------------  S Y S T E M  ---------------

OS: Windows 7 , 64 bit Build 7601 Service Pack 1

CPU:total 2 (2 cores per cpu, 1 threads per core) family 6 model 15 stepping 11, cmov, cx8, fxsr, mmx, sse, sse2, sse3, ssse3

Memory: 4k page, physical 4185336k(421312k free), swap 5232048k(4960k free)

vm_info: Java HotSpot(TM) 64-Bit Server VM (20.8-b03) for windows-amd64 JRE (1.6.0_33-b05), built on Jun 28 2012 18:45:32 by "java_re" with MS VC++ 8.0 (VS2005)

time: Mon Aug 04 14:57:12 2014
elapsed time: 0 seconds

